<?xml version="1.0" encoding="UTF-8"?>
<testng-results skipped="0" failed="0" ignored="0" total="1" passed="1">
  <reporter-output>
  </reporter-output>
  <suite name="Default suite" duration-ms="817" started-at="2020-10-09T21:07:51 IST" finished-at="2020-10-09T21:07:52 IST">
    <groups>
    </groups>
    <test name="Default test" duration-ms="817" started-at="2020-10-09T21:07:51 IST" finished-at="2020-10-09T21:07:52 IST">
      <class name="com.qa.hs.test.LoginTest">
        <test-method status="PASS" signature="loginTest()[pri:0, instance:com.qa.hs.test.LoginTest@27a5f880]" name="loginTest" duration-ms="766" started-at="2020-10-09T21:07:51 IST" finished-at="2020-10-09T21:07:52 IST">
          <reporter-output>
          </reporter-output>
        </test-method> <!-- loginTest -->
      </class> <!-- com.qa.hs.test.LoginTest -->
    </test> <!-- Default test -->
  </suite> <!-- Default suite -->
</testng-results>
